<?xml version="1.0" encoding="UTF-8"?>
<!-- Generated by org.testng.reporters.JUnitXMLReporter -->
<testsuite ignored="0" hostname="DESKTOP-KL0LP3F" failures="0" tests="3" name="chromeTest" time="35.519" errors="0" timestamp="2021-09-13T16:31:36 EDT">
  <testcase classname="com.nopcommerce.testCases.TC_Login_001" name="loginTest" time="3.735"/>
  <testcase classname="com.nopcommerce.testCases.TC_SearchCustomerByEmail_004" name="searchCustomerbyEmail" time="12.561"/>
  <testcase classname="com.nopcommerce.testCases.TC_SearchCustomerByName_005" name="searchCustomerByName" time="11.763"/>
</testsuite> <!-- chromeTest -->
