<?xml version="1.0" encoding="UTF-8"?>
<testng-results ignored="0" total="3" passed="3" failed="0" skipped="0">
  <reporter-output>
  </reporter-output>
  <suite started-at="2021-09-13T16:31:01 EDT" name="noncommerce" finished-at="2021-09-13T16:31:36 EDT" duration-ms="35519">
    <groups>
      <group name="regression">
        <method signature="TC_Login_001.loginTest()[pri:0, instance:com.nopcommerce.testCases.TC_Login_001@4a335fa8]" name="loginTest" class="com.nopcommerce.testCases.TC_Login_001"/>
        <method signature="TC_SearchCustomerByEmail_004.searchCustomerbyEmail()[pri:0, instance:com.nopcommerce.testCases.TC_SearchCustomerByEmail_004@44828f6b]" name="searchCustomerbyEmail" class="com.nopcommerce.testCases.TC_SearchCustomerByEmail_004"/>
      </group> <!-- regression -->
      <group name="sanity">
        <method signature="TC_Login_001.loginTest()[pri:0, instance:com.nopcommerce.testCases.TC_Login_001@4a335fa8]" name="loginTest" class="com.nopcommerce.testCases.TC_Login_001"/>
      </group> <!-- sanity -->
      <group name="master">
        <method signature="TC_Login_001.loginTest()[pri:0, instance:com.nopcommerce.testCases.TC_Login_001@4a335fa8]" name="loginTest" class="com.nopcommerce.testCases.TC_Login_001"/>
        <method signature="TC_SearchCustomerByEmail_004.searchCustomerbyEmail()[pri:0, instance:com.nopcommerce.testCases.TC_SearchCustomerByEmail_004@44828f6b]" name="searchCustomerbyEmail" class="com.nopcommerce.testCases.TC_SearchCustomerByEmail_004"/>
        <method signature="TC_SearchCustomerByName_005.searchCustomerByName()[pri:0, instance:com.nopcommerce.testCases.TC_SearchCustomerByName_005@2dbe250d]" name="searchCustomerByName" class="com.nopcommerce.testCases.TC_SearchCustomerByName_005"/>
      </group> <!-- master -->
    </groups>
    <test started-at="2021-09-13T16:31:01 EDT" name="chromeTest" finished-at="2021-09-13T16:31:36 EDT" duration-ms="35519">
      <class name="com.nopcommerce.testCases.TC_Login_001">
        <test-method is-config="true" signature="setup(java.lang.String)[pri:0, instance:com.nopcommerce.testCases.TC_Login_001@4a335fa8]" started-at="2021-09-13T16:31:01 EDT" name="setup" finished-at="2021-09-13T16:31:02 EDT" duration-ms="1395" status="PASS">
          <params>
            <param index="0">
              <value>
                <![CDATA[chrome]]>
              </value>
            </param>
          </params>
          <reporter-output>
          </reporter-output>
        </test-method> <!-- setup -->
        <test-method signature="loginTest()[pri:0, instance:com.nopcommerce.testCases.TC_Login_001@4a335fa8]" started-at="2021-09-13T16:31:02 EDT" name="loginTest" finished-at="2021-09-13T16:31:06 EDT" duration-ms="3735" status="PASS">
          <reporter-output>
          </reporter-output>
        </test-method> <!-- loginTest -->
        <test-method is-config="true" signature="tearDown()[pri:0, instance:com.nopcommerce.testCases.TC_Login_001@4a335fa8]" started-at="2021-09-13T16:31:06 EDT" name="tearDown" finished-at="2021-09-13T16:31:10 EDT" duration-ms="4126" status="PASS">
          <reporter-output>
          </reporter-output>
        </test-method> <!-- tearDown -->
      </class> <!-- com.nopcommerce.testCases.TC_Login_001 -->
      <class name="com.nopcommerce.testCases.TC_SearchCustomerByEmail_004">
        <test-method is-config="true" signature="setup(java.lang.String)[pri:0, instance:com.nopcommerce.testCases.TC_SearchCustomerByEmail_004@44828f6b]" started-at="2021-09-13T16:31:10 EDT" name="setup" finished-at="2021-09-13T16:31:11 EDT" duration-ms="756" status="PASS">
          <params>
            <param index="0">
              <value>
                <![CDATA[chrome]]>
              </value>
            </param>
          </params>
          <reporter-output>
          </reporter-output>
        </test-method> <!-- setup -->
        <test-method signature="searchCustomerbyEmail()[pri:0, instance:com.nopcommerce.testCases.TC_SearchCustomerByEmail_004@44828f6b]" started-at="2021-09-13T16:31:11 EDT" name="searchCustomerbyEmail" finished-at="2021-09-13T16:31:23 EDT" duration-ms="12561" status="PASS">
          <reporter-output>
          </reporter-output>
        </test-method> <!-- searchCustomerbyEmail -->
        <test-method is-config="true" signature="tearDown()[pri:0, instance:com.nopcommerce.testCases.TC_SearchCustomerByEmail_004@44828f6b]" started-at="2021-09-13T16:31:23 EDT" name="tearDown" finished-at="2021-09-13T16:31:24 EDT" duration-ms="45" status="PASS">
          <reporter-output>
          </reporter-output>
        </test-method> <!-- tearDown -->
      </class> <!-- com.nopcommerce.testCases.TC_SearchCustomerByEmail_004 -->
      <class name="com.nopcommerce.testCases.TC_SearchCustomerByName_005">
        <test-method is-config="true" signature="setup(java.lang.String)[pri:0, instance:com.nopcommerce.testCases.TC_SearchCustomerByName_005@2dbe250d]" started-at="2021-09-13T16:31:24 EDT" name="setup" finished-at="2021-09-13T16:31:24 EDT" duration-ms="776" status="PASS">
          <params>
            <param index="0">
              <value>
                <![CDATA[chrome]]>
              </value>
            </param>
          </params>
          <reporter-output>
          </reporter-output>
        </test-method> <!-- setup -->
        <test-method signature="searchCustomerByName()[pri:0, instance:com.nopcommerce.testCases.TC_SearchCustomerByName_005@2dbe250d]" started-at="2021-09-13T16:31:24 EDT" name="searchCustomerByName" finished-at="2021-09-13T16:31:36 EDT" duration-ms="11763" status="PASS">
          <reporter-output>
          </reporter-output>
        </test-method> <!-- searchCustomerByName -->
        <test-method is-config="true" signature="tearDown()[pri:0, instance:com.nopcommerce.testCases.TC_SearchCustomerByName_005@2dbe250d]" started-at="2021-09-13T16:31:36 EDT" name="tearDown" finished-at="2021-09-13T16:31:36 EDT" duration-ms="47" status="PASS">
          <reporter-output>
          </reporter-output>
        </test-method> <!-- tearDown -->
      </class> <!-- com.nopcommerce.testCases.TC_SearchCustomerByName_005 -->
    </test> <!-- chromeTest -->
  </suite> <!-- noncommerce -->
</testng-results>
