<?xml version="1.0" encoding="UTF-8"?>
<!-- Generated by org.testng.reporters.JUnitXMLReporter -->
<testsuite hostname="DESKTOP-KL0LP3F" ignored="0" name="nopCommerceTests" tests="8" failures="0" timestamp="2021-09-13T17:43:25 EDT" time="106.12" errors="0">
  <testcase name="addNewCustomer" time="23.743" classname="com.nopcommerce.testCases.TC_AddCustomerTest_003"/>
  <testcase name="loginTest" time="14.769" classname="com.nopcommerce.testCases.TC_LoginDDT_002"/>
  <testcase name="loginTest" time="7.172" classname="com.nopcommerce.testCases.TC_LoginDDT_002"/>
  <testcase name="loginTest" time="6.587" classname="com.nopcommerce.testCases.TC_LoginDDT_002"/>
  <testcase name="loginTest" time="6.552" classname="com.nopcommerce.testCases.TC_LoginDDT_002"/>
  <testcase name="loginTest" time="7.748" classname="com.nopcommerce.testCases.TC_Login_001"/>
  <testcase name="searchCustomerbyEmail" time="14.667" classname="com.nopcommerce.testCases.TC_SearchCustomerByEmail_004"/>
  <testcase name="searchCustomerByName" time="14.955" classname="com.nopcommerce.testCases.TC_SearchCustomerByName_005"/>
</testsuite> <!-- nopCommerceTests -->
